# JRE version: Java(TM) SE Runtime Environment (21.0.8+12) (build 21.0.8+12-LTS-250)
# Java VM: Java HotSpot(TM) 64-Bit Server VM (21.0.8+12-LTS-250, mixed mode, sharing, tiered, compressed oops, compressed class ptrs, g1 gc, windows-amd64)
GC Precious Log:
 CardTable entry size: 512
 Card Set container configuration: InlinePtr #cards 5 size 8 Array Of Cards #cards 12 size 40 Howl #buckets 4 coarsen threshold 1843 Howl Bitmap #cards 512 size 80 coarsen threshold 460 Card regions per heap region 1 cards per card region 2048
 CPUs: 6 total, 6 available
 Memory: 8086M
 Large Page Support: Disabled
 NUMA Support: Disabled
 Compressed Oops: Enabled (32-bit)
 Heap Region Size: 1M
 Heap Min Capacity: 8M
 Heap Initial Capacity: 128M
 Heap Max Capacity: 2022M
 Pre-touch: Disabled
 Parallel Workers: 6
 Concurrent Workers: 2
 Concurrent Refinement Workers: 6
 Periodic GC: Disabled
Heap:
 garbage-first heap   total 91136K, used 77826K [0x0000000081a00000, 0x0000000100000000)
  region size 1024K, 39 young (39936K), 2 survivors (2048K)
 Metaspace       used 79035K, committed 79872K, reserved 1179648K
  class space    used 10944K, committed 11328K, reserved 1048576K
GC Heap History (20 events):
Event: 5.239 GC heap before
{Heap before GC invocations=6 (full 0):
 garbage-first heap   total 79872K, used 58108K [0x0000000081a00000, 0x0000000100000000)
  region size 1024K, 46 young (47104K), 9 survivors (9216K)
 Metaspace       used 34540K, committed 35008K, reserved 1114112K
  class space    used 4387K, committed 4608K, reserved 1048576K
}
Event: 5.245 GC heap after
{Heap after GC invocations=7 (full 0):
 garbage-first heap   total 79872K, used 23575K [0x0000000081a00000, 0x0000000100000000)
  region size 1024K, 4 young (4096K), 4 survivors (4096K)
 Metaspace       used 34540K, committed 35008K, reserved 1114112K
  class space    used 4387K, committed 4608K, reserved 1048576K
}
Event: 5.610 GC heap before
{Heap before GC invocations=7 (full 0):
 garbage-first heap   total 79872K, used 36887K [0x0000000081a00000, 0x0000000100000000)
  region size 1024K, 18 young (18432K), 4 survivors (4096K)
 Metaspace       used 37182K, committed 37696K, reserved 1114112K
  class space    used 4696K, committed 4928K, reserved 1048576K
}
Event: 5.612 GC heap after
{Heap after GC invocations=8 (full 0):
 garbage-first heap   total 79872K, used 26270K [0x0000000081a00000, 0x0000000100000000)
  region size 1024K, 3 young (3072K), 3 survivors (3072K)
 Metaspace       used 37182K, committed 37696K, reserved 1114112K
  class space    used 4696K, committed 4928K, reserved 1048576K
}
Event: 6.375 GC heap before
{Heap before GC invocations=9 (full 0):
 garbage-first heap   total 79872K, used 66206K [0x0000000081a00000, 0x0000000100000000)
  region size 1024K, 42 young (43008K), 3 survivors (3072K)
 Metaspace       used 44296K, committed 44864K, reserved 1114112K
  class space    used 5711K, committed 5952K, reserved 1048576K
}
Event: 6.379 GC heap after
{Heap after GC invocations=10 (full 0):
 garbage-first heap   total 79872K, used 27746K [0x0000000081a00000, 0x0000000100000000)
  region size 1024K, 5 young (5120K), 5 survivors (5120K)
 Metaspace       used 44296K, committed 44864K, reserved 1114112K
  class space    used 5711K, committed 5952K, reserved 1048576K
}
Event: 7.021 GC heap before
{Heap before GC invocations=10 (full 0):
 garbage-first heap   total 79872K, used 66658K [0x0000000081a00000, 0x0000000100000000)
  region size 1024K, 43 young (44032K), 5 survivors (5120K)
 Metaspace       used 54009K, committed 54592K, reserved 1114112K
  class space    used 6996K, committed 7296K, reserved 1048576K
}
Event: 7.025 GC heap after
{Heap after GC invocations=11 (full 0):
 garbage-first heap   total 79872K, used 29788K [0x0000000081a00000, 0x0000000100000000)
  region size 1024K, 5 young (5120K), 5 survivors (5120K)
 Metaspace       used 54009K, committed 54592K, reserved 1114112K
  class space    used 6996K, committed 7296K, reserved 1048576K
}
Event: 7.584 GC heap before
{Heap before GC invocations=11 (full 0):
 garbage-first heap   total 79872K, used 58460K [0x0000000081a00000, 0x0000000100000000)
  region size 1024K, 35 young (35840K), 5 survivors (5120K)
 Metaspace       used 62630K, committed 63296K, reserved 1114112K
  class space    used 8314K, committed 8640K, reserved 1048576K
}
Event: 7.589 GC heap after
{Heap after GC invocations=12 (full 0):
 garbage-first heap   total 79872K, used 31264K [0x0000000081a00000, 0x0000000100000000)
  region size 1024K, 4 young (4096K), 4 survivors (4096K)
 Metaspace       used 62630K, committed 63296K, reserved 1114112K
  class space    used 8314K, committed 8640K, reserved 1048576K
}
Event: 8.239 GC heap before
{Heap before GC invocations=13 (full 0):
 garbage-first heap   total 79872K, used 70176K [0x0000000081a00000, 0x0000000100000000)
  region size 1024K, 42 young (43008K), 4 survivors (4096K)
 Metaspace       used 69641K, committed 70336K, reserved 1114112K
  class space    used 9456K, committed 9792K, reserved 1048576K
}
Event: 8.243 GC heap after
{Heap after GC invocations=14 (full 0):
 garbage-first heap   total 79872K, used 34233K [0x0000000081a00000, 0x0000000100000000)
  region size 1024K, 5 young (5120K), 5 survivors (5120K)
 Metaspace       used 69641K, committed 70336K, reserved 1114112K
  class space    used 9456K, committed 9792K, reserved 1048576K
}
Event: 8.500 GC heap before
{Heap before GC invocations=14 (full 0):
 garbage-first heap   total 79872K, used 69049K [0x0000000081a00000, 0x0000000100000000)
  region size 1024K, 39 young (39936K), 5 survivors (5120K)
 Metaspace       used 71504K, committed 72192K, reserved 1114112K
  class space    used 9837K, committed 10176K, reserved 1048576K
}
Event: 8.504 GC heap after
{Heap after GC invocations=15 (full 0):
 garbage-first heap   total 79872K, used 35208K [0x0000000081a00000, 0x0000000100000000)
  region size 1024K, 2 young (2048K), 2 survivors (2048K)
 Metaspace       used 71504K, committed 72192K, reserved 1114112K
  class space    used 9837K, committed 10176K, reserved 1048576K
}
Event: 8.827 GC heap before
{Heap before GC invocations=15 (full 0):
 garbage-first heap   total 79872K, used 70024K [0x0000000081a00000, 0x0000000100000000)
  region size 1024K, 37 young (37888K), 2 survivors (2048K)
 Metaspace       used 74739K, committed 75392K, reserved 1114112K
  class space    used 10300K, committed 10560K, reserved 1048576K
}
Event: 8.830 GC heap after
{Heap after GC invocations=16 (full 0):
 garbage-first heap   total 79872K, used 38892K [0x0000000081a00000, 0x0000000100000000)
  region size 1024K, 5 young (5120K), 5 survivors (5120K)
 Metaspace       used 74739K, committed 75392K, reserved 1114112K
  class space    used 10300K, committed 10560K, reserved 1048576K
}
Event: 8.917 GC heap before
{Heap before GC invocations=16 (full 0):
 garbage-first heap   total 79872K, used 69612K [0x0000000081a00000, 0x0000000100000000)
  region size 1024K, 35 young (35840K), 5 survivors (5120K)
 Metaspace       used 74768K, committed 75392K, reserved 1114112K
  class space    used 10303K, committed 10560K, reserved 1048576K
}
Event: 8.921 GC heap after
{Heap after GC invocations=17 (full 0):
 garbage-first heap   total 79872K, used 43163K [0x0000000081a00000, 0x0000000100000000)
  region size 1024K, 5 young (5120K), 5 survivors (5120K)
 Metaspace       used 74768K, committed 75392K, reserved 1114112K
  class space    used 10303K, committed 10560K, reserved 1048576K
}
Event: 9.093 GC heap before
{Heap before GC invocations=18 (full 0):
 garbage-first heap   total 91136K, used 68763K [0x0000000081a00000, 0x0000000100000000)
  region size 1024K, 30 young (30720K), 5 survivors (5120K)
 Metaspace       used 75225K, committed 75904K, reserved 1114112K
  class space    used 10406K, committed 10688K, reserved 1048576K
}
Event: 9.095 GC heap after
{Heap after GC invocations=19 (full 0):
 garbage-first heap   total 91136K, used 40962K [0x0000000081a00000, 0x0000000100000000)
  region size 1024K, 2 young (2048K), 2 survivors (2048K)
 Metaspace       used 75225K, committed 75904K, reserved 1114112K
  class space    used 10406K, committed 10688K, reserved 1048576K
}

